#
# There is insufficient memory for the Java Runtime Environment to continue.
# Native memory allocation (malloc) failed to allocate 32744 bytes. Error detail: Chunk::new
# Possible reasons:
#   The system is out of physical RAM or swap space
#   This process is running with CompressedOops enabled, and the Java Heap may be blocking the growth of the native heap
# Possible solutions:
#   Reduce memory load on the system
#   Increase physical memory or swap space
#   Check if swap backing store is full
#   Decrease Java heap size (-Xmx/-Xms)
#   Decrease number of Java threads
#   Decrease Java thread stack sizes (-Xss)
#   Set larger code cache with -XX:ReservedCodeCacheSize=
#   JVM is running with Unscaled Compressed Oops mode in which the Java heap is
#     placed in the first 4GB address space. The Java Heap base address is the
#     maximum limit for the native heap growth. Please use -XX:HeapBaseMinAddress
#     to set the Java Heap base and to place the Java Heap above 4GB virtual address.
# This output file may be truncated or incomplete.
#
#  Out of Memory Error (arena.cpp:168), pid=16648, tid=39556
#
# JRE version: OpenJDK Runtime Environment Temurin-21.0.8+9 (21.0.8+9) (build 21.0.8+9-LTS)
# Java VM: OpenJDK 64-Bit Server VM Temurin-21.0.8+9 (21.0.8+9-LTS, mixed mode, sharing, tiered, compressed oops, compressed class ptrs, parallel gc, windows-amd64)
# No core dump will be written. Minidumps are not enabled by default on client versions of Windows
#

---------------  S U M M A R Y ------------

Command Line: --add-modules=ALL-SYSTEM --add-opens=java.base/java.util=ALL-UNNAMED --add-opens=java.base/java.lang=ALL-UNNAMED --add-opens=java.base/sun.nio.fs=ALL-UNNAMED -Declipse.application=org.eclipse.jdt.ls.core.id1 -Dosgi.bundles.defaultStartLevel=4 -Declipse.product=org.eclipse.jdt.ls.core.product -Djava.import.generatesMetadataFilesAtProjectRoot=false -DDetectVMInstallationsJob.disabled=true -Dfile.encoding=utf8 -XX:+UseParallelGC -XX:GCTimeRatio=4 -XX:AdaptiveSizePolicyWeight=90 -Dsun.zip.disableMemoryMapping=true -Xmx2G -Xms100m -Xlog:disable -javaagent:c:\Users\cfulton\.vscode\extensions\redhat.java-1.46.0-win32-x64\lombok\lombok-1.18.39-4050.jar c:\Users\cfulton\.vscode\extensions\redhat.java-1.46.0-win32-x64\server\plugins\org.eclipse.equinox.launcher_1.7.0.v20250519-0528.jar -configuration c:\Users\cfulton\AppData\Roaming\Code\User\globalStorage\redhat.java\1.46.0\config_ss_win -data c:\Users\cfulton\AppData\Roaming\Code\User\workspaceStorage\b9376ea965cba9b7dff7b4374ca253f5\redhat.java\ss_ws --pipe=\\.\pipe\lsp-3bb1127d08b61270a1ce5e1c1ebdeca5-sock

Host: 11th Gen Intel(R) Core(TM) i5-1145G7 @ 2.60GHz, 8 cores, 7G,  Windows 10 , 64 bit Build 19041 (10.0.19041.2788)
Time: Thu Oct  2 19:13:53 2025 Central Daylight Time elapsed time: 1.808976 seconds (0d 0h 0m 1s)

---------------  T H R E A D  ---------------

Current thread (0x000001d2e1018100):  JavaThread "C1 CompilerThread0" daemon [_thread_in_native, id=39556, stack(0x0000003239600000,0x0000003239700000) (1024K)]


Current CompileTask:
C1:1809  725       3       sun.security.provider.ByteArrayAccess::b2iBig64 (231 bytes)

Stack: [0x0000003239600000,0x0000003239700000]
Native frames: (J=compiled Java code, j=interpreted, Vv=VM code, C=native code)
V  [jvm.dll+0x6d2449]
V  [jvm.dll+0x8ae341]
V  [jvm.dll+0x8b08be]
V  [jvm.dll+0x8b0fa3]
V  [jvm.dll+0x280c96]
V  [jvm.dll+0xc581d]
V  [jvm.dll+0xc5d53]
V  [jvm.dll+0x189485]
V  [jvm.dll+0x181124]
V  [jvm.dll+0x17dc0e]
V  [jvm.dll+0x16bd80]
V  [jvm.dll+0x154b67]
V  [jvm.dll+0x154438]
V  [jvm.dll+0x154684]
V  [jvm.dll+0x153ab6]
V  [jvm.dll+0x15588d]
V  [jvm.dll+0x257d4d]
V  [jvm.dll+0x2562ea]
V  [jvm.dll+0x3f2d16]
V  [jvm.dll+0x857e6b]
V  [jvm.dll+0x6d0b0d]
C  [ucrtbase.dll+0x21bb2]
C  [KERNEL32.DLL+0x17604]
C  [ntdll.dll+0x526a1]


---------------  P R O C E S S  ---------------

Threads class SMR info:
_java_thread_list=0x000001d2e1316ee0, length=11, elements={
0x000001d2817c4060, 0x000001d283be9ed0, 0x000001d283beb820, 0x000001d283bef190,
0x000001d283bf0410, 0x000001d283bf3320, 0x000001d283bf4e70, 0x000001d283bf5d90,
0x000001d2e1018100, 0x000001d2e10b9ef0, 0x000001d2e1315f30
}

Java Threads: ( => current thread )
  0x000001d2817c4060 JavaThread "main"                              [_thread_in_vm, id=32252, stack(0x0000003238b00000,0x0000003238c00000) (1024K)]
  0x000001d283be9ed0 JavaThread "Reference Handler"          daemon [_thread_blocked, id=14948, stack(0x0000003238f00000,0x0000003239000000) (1024K)]
  0x000001d283beb820 JavaThread "Finalizer"                  daemon [_thread_blocked, id=19480, stack(0x0000003239000000,0x0000003239100000) (1024K)]
  0x000001d283bef190 JavaThread "Signal Dispatcher"          daemon [_thread_blocked, id=31312, stack(0x0000003239100000,0x0000003239200000) (1024K)]
  0x000001d283bf0410 JavaThread "Attach Listener"            daemon [_thread_blocked, id=44668, stack(0x0000003239200000,0x0000003239300000) (1024K)]
  0x000001d283bf3320 JavaThread "Service Thread"             daemon [_thread_blocked, id=3124, stack(0x0000003239300000,0x0000003239400000) (1024K)]
  0x000001d283bf4e70 JavaThread "Monitor Deflation Thread"   daemon [_thread_blocked, id=21472, stack(0x0000003239400000,0x0000003239500000) (1024K)]
  0x000001d283bf5d90 JavaThread "C2 CompilerThread0"         daemon [_thread_in_native, id=9440, stack(0x0000003239500000,0x0000003239600000) (1024K)]
=>0x000001d2e1018100 JavaThread "C1 CompilerThread0"         daemon [_thread_in_native, id=39556, stack(0x0000003239600000,0x0000003239700000) (1024K)]
  0x000001d2e10b9ef0 JavaThread "Common-Cleaner"             daemon [_thread_blocked, id=7640, stack(0x0000003239700000,0x0000003239800000) (1024K)]
  0x000001d2e1315f30 JavaThread "Notification Thread"        daemon [_thread_blocked, id=33192, stack(0x0000003239800000,0x0000003239900000) (1024K)]
Total: 11

Other Threads:
  0x000001d283d3f790 VMThread "VM Thread"                           [id=32296, stack(0x0000003238e00000,0x0000003238f00000) (1024K)]
  0x000001d283ced3e0 WatcherThread "VM Periodic Task Thread"        [id=43768, stack(0x0000003238d00000,0x0000003238e00000) (1024K)]
  0x000001d283c9dc70 WorkerThread "GC Thread#0"                     [id=33504, stack(0x0000003238c00000,0x0000003238d00000) (1024K)]
Total: 3

Threads with active compile tasks:
C2 CompilerThread0  1848  689 %     4       java.math.BigInteger::implMulAdd @ 24 (81 bytes)
C1 CompilerThread0  1848  725       3       sun.security.provider.ByteArrayAccess::b2iBig64 (231 bytes)
Total: 2

VM state: not at safepoint (normal execution)

VM Mutex/Monitor currently owned by a thread: None

Heap address: 0x0000000080000000, size: 2048 MB, Compressed Oops mode: 32-bit

CDS archive(s) mapped at: [0x000001d29b000000-0x000001d29bba0000-0x000001d29bba0000), size 12189696, SharedBaseAddress: 0x000001d29b000000, ArchiveRelocationMode: 1.
Compressed class space mapped at: 0x000001d29c000000-0x000001d2dc000000, reserved size: 1073741824
Narrow klass base: 0x000001d29b000000, Narrow klass shift: 0, Narrow klass range: 0x100000000

GC Precious Log:
 CardTable entry size: 512
 CPUs: 8 total, 8 available
 Memory: 7895M
 Large Page Support: Disabled
 NUMA Support: Disabled
 Compressed Oops: Enabled (32-bit)
 Alignments: Space 512K, Generation 512K, Heap 2M
 Heap Min Capacity: 100M
 Heap Initial Capacity: 100M
 Heap Max Capacity: 2G
 Pre-touch: Disabled
 Parallel Workers: 8

Heap:
 PSYoungGen      total 29696K, used 15573K [0x00000000d5580000, 0x00000000d7680000, 0x0000000100000000)
  eden space 25600K, 60% used [0x00000000d5580000,0x00000000d64b5600,0x00000000d6e80000)
  from space 4096K, 0% used [0x00000000d7280000,0x00000000d7280000,0x00000000d7680000)
  to   space 4096K, 0% used [0x00000000d6e80000,0x00000000d6e80000,0x00000000d7280000)
 ParOldGen       total 68608K, used 0K [0x0000000080000000, 0x0000000084300000, 0x00000000d5580000)
  object space 68608K, 0% used [0x0000000080000000,0x0000000080000000,0x0000000084300000)
 Metaspace       used 2986K, committed 3136K, reserved 1114112K
  class space    used 306K, committed 384K, reserved 1048576K

Card table byte_map: [0x000001d283630000,0x000001d283a40000] _byte_map_base: 0x000001d283230000

Marking Bits: (ParMarkBitMap*) 0x00007fff8bc8a340
 Begin Bits: [0x000001d296130000, 0x000001d298130000)
 End Bits:   [0x000001d298130000, 0x000001d29a130000)

Polling page: 0x000001d2819d0000

Metaspace:

Usage:
  Non-class:      2.62 MB used.
      Class:    306.54 KB used.
       Both:      2.92 MB used.

Virtual space:
  Non-class space:       64.00 MB reserved,       2.69 MB (  4%) committed,  1 nodes.
      Class space:        1.00 GB reserved,     384.00 KB ( <1%) committed,  1 nodes.
             Both:        1.06 GB reserved,       3.06 MB ( <1%) committed. 

Chunk freelists:
   Non-Class:  11.58 MB
       Class:  15.66 MB
        Both:  27.24 MB

MaxMetaspaceSize: unlimited
CompressedClassSpaceSize: 1.00 GB
Initial GC threshold: 21.00 MB
Current GC threshold: 21.00 MB
CDS: on
 - commit_granule_bytes: 65536.
 - commit_granule_words: 8192.
 - virtual_space_node_default_size: 8388608.
 - enlarge_chunks_in_place: 1.
 - use_allocation_guard: 0.


Internal statistics:

num_allocs_failed_limit: 0.
num_arena_births: 84.
num_arena_deaths: 0.
num_vsnodes_births: 2.
num_vsnodes_deaths: 0.
num_space_committed: 49.
num_space_uncommitted: 0.
num_chunks_returned_to_freelist: 0.
num_chunks_taken_from_freelist: 111.
num_chunk_merges: 0.
num_chunk_splits: 77.
num_chunks_enlarged: 48.
num_inconsistent_stats: 0.

CodeHeap 'non-profiled nmethods': size=120000Kb used=257Kb max_used=257Kb free=119742Kb
 bounds [0x000001d28e950000, 0x000001d28ebc0000, 0x000001d295e80000]
CodeHeap 'profiled nmethods': size=120000Kb used=1094Kb max_used=1094Kb free=118905Kb
 bounds [0x000001d286e80000, 0x000001d2870f0000, 0x000001d28e3b0000]
CodeHeap 'non-nmethods': size=5760Kb used=1194Kb max_used=1213Kb free=4565Kb
 bounds [0x000001d28e3b0000, 0x000001d28e620000, 0x000001d28e950000]
CodeCache: size=245760Kb, used=2545Kb, max_used=2564Kb, free=243212Kb
 total_blobs=1164, nmethods=722, adapters=349, full_count=0
Compilation: enabled, stopped_count=0, restarted_count=0

Compilation events (20 events):
Event: 1.793 Thread 0x000001d2e1018100 nmethod 714 0x000001d286f8e090 code [0x000001d286f8e240, 0x000001d286f8e420]
Event: 1.793 Thread 0x000001d2e1018100  715       3       java.lang.String::toLowerCase (29 bytes)
Event: 1.793 Thread 0x000001d2e1018100 nmethod 715 0x000001d286f8e510 code [0x000001d286f8e6e0, 0x000001d286f8e998]
Event: 1.794 Thread 0x000001d2e1018100  716       3       java.security.Provider$ServiceKey::<init> (39 bytes)
Event: 1.794 Thread 0x000001d2e1018100 nmethod 716 0x000001d286f8ea90 code [0x000001d286f8ec80, 0x000001d286f8f0c0]
Event: 1.794 Thread 0x000001d2e1018100  717       3       java.security.Provider$ServiceKey::hashCode (19 bytes)
Event: 1.795 Thread 0x000001d2e1018100 nmethod 717 0x000001d286f8f290 code [0x000001d286f8f440, 0x000001d286f8f5d8]
Event: 1.795 Thread 0x000001d2e1018100  718       3       java.lang.String::valueOf (15 bytes)
Event: 1.795 Thread 0x000001d2e1018100 nmethod 718 0x000001d286f8f710 code [0x000001d286f8f8c0, 0x000001d286f8fac8]
Event: 1.795 Thread 0x000001d2e1018100  719       1       java.security.Provider$UString::toString (5 bytes)
Event: 1.795 Thread 0x000001d2e1018100 nmethod 719 0x000001d28e98e590 code [0x000001d28e98e720, 0x000001d28e98e7e8]
Event: 1.795 Thread 0x000001d2e1018100  720       1       java.security.Provider$Service::getProvider (5 bytes)
Event: 1.795 Thread 0x000001d2e1018100 nmethod 720 0x000001d28e98e890 code [0x000001d28e98ea20, 0x000001d28e98eae8]
Event: 1.795 Thread 0x000001d2e1018100  721       1       java.security.Provider$Service::getClassName (5 bytes)
Event: 1.795 Thread 0x000001d2e1018100 nmethod 721 0x000001d28e98f010 code [0x000001d28e98f1a0, 0x000001d28e98f268]
Event: 1.796 Thread 0x000001d2e1018100  723       3       sun.security.provider.SHA2::implCompress0 (448 bytes)
Event: 1.798 Thread 0x000001d2e1018100 nmethod 723 0x000001d286f8fb90 code [0x000001d286f8fde0, 0x000001d286f90990]
Event: 1.799 Thread 0x000001d2e1018100  726       3       sun.security.provider.SHA2::implCompress (13 bytes)
Event: 1.799 Thread 0x000001d2e1018100 nmethod 726 0x000001d286f91090 code [0x000001d286f91280, 0x000001d286f916b8]
Event: 1.799 Thread 0x000001d2e1018100  725       3       sun.security.provider.ByteArrayAccess::b2iBig64 (231 bytes)

GC Heap History (0 events):
No events

Dll operation events (8 events):
Event: 0.252 Loaded shared library c:\Users\cfulton\.vscode\extensions\redhat.java-1.46.0-win32-x64\jre\21.0.8-win32-x86_64\bin\java.dll
Event: 0.716 Loaded shared library c:\Users\cfulton\.vscode\extensions\redhat.java-1.46.0-win32-x64\jre\21.0.8-win32-x86_64\bin\zip.dll
Event: 0.770 Loaded shared library C:\Users\cfulton\.vscode\extensions\redhat.java-1.46.0-win32-x64\jre\21.0.8-win32-x86_64\bin\instrument.dll
Event: 0.903 Loaded shared library C:\Users\cfulton\.vscode\extensions\redhat.java-1.46.0-win32-x64\jre\21.0.8-win32-x86_64\bin\net.dll
Event: 0.994 Loaded shared library C:\Users\cfulton\.vscode\extensions\redhat.java-1.46.0-win32-x64\jre\21.0.8-win32-x86_64\bin\nio.dll
Event: 1.014 Loaded shared library C:\Users\cfulton\.vscode\extensions\redhat.java-1.46.0-win32-x64\jre\21.0.8-win32-x86_64\bin\zip.dll
Event: 1.040 Loaded shared library C:\Users\cfulton\.vscode\extensions\redhat.java-1.46.0-win32-x64\jre\21.0.8-win32-x86_64\bin\jimage.dll
Event: 1.231 Loaded shared library c:\Users\cfulton\.vscode\extensions\redhat.java-1.46.0-win32-x64\jre\21.0.8-win32-x86_64\bin\verify.dll

Deoptimization events (20 events):
Event: 1.464 Thread 0x000001d2817c4060 DEOPT PACKING pc=0x000001d286eb4fd8 sp=0x0000003238bfb0b0
Event: 1.464 Thread 0x000001d2817c4060 DEOPT UNPACKING pc=0x000001d28e4078e2 sp=0x0000003238bfa570 mode 0
Event: 1.466 Thread 0x000001d2817c4060 DEOPT PACKING pc=0x000001d286eb4fd8 sp=0x0000003238bfa730
Event: 1.466 Thread 0x000001d2817c4060 DEOPT UNPACKING pc=0x000001d28e4078e2 sp=0x0000003238bf9bf0 mode 0
Event: 1.468 Thread 0x000001d2817c4060 DEOPT PACKING pc=0x000001d286eb4fd8 sp=0x0000003238bf9700
Event: 1.468 Thread 0x000001d2817c4060 DEOPT UNPACKING pc=0x000001d28e4078e2 sp=0x0000003238bf8bc0 mode 0
Event: 1.469 Thread 0x000001d2817c4060 DEOPT PACKING pc=0x000001d286eb4fd8 sp=0x0000003238bf9710
Event: 1.469 Thread 0x000001d2817c4060 DEOPT UNPACKING pc=0x000001d28e4078e2 sp=0x0000003238bf8bd0 mode 0
Event: 1.601 Thread 0x000001d2817c4060 Uncommon trap: trap_request=0xffffff45 fr.pc=0x000001d28e981f6c relative=0x000000000000014c
Event: 1.601 Thread 0x000001d2817c4060 Uncommon trap: reason=unstable_if action=reinterpret pc=0x000001d28e981f6c method=jdk.internal.util.ArraysSupport.vectorizedHashCode(Ljava/lang/Object;IIII)I @ 2 c2
Event: 1.601 Thread 0x000001d2817c4060 DEOPT PACKING pc=0x000001d28e981f6c sp=0x0000003238bfcc30
Event: 1.601 Thread 0x000001d2817c4060 DEOPT UNPACKING pc=0x000001d28e406da2 sp=0x0000003238bfcbe0 mode 2
Event: 1.627 Thread 0x000001d2817c4060 Uncommon trap: trap_request=0xffffff45 fr.pc=0x000001d28e971f74 relative=0x00000000000000d4
Event: 1.627 Thread 0x000001d2817c4060 Uncommon trap: reason=unstable_if action=reinterpret pc=0x000001d28e971f74 method=java.net.URI.match(CJJ)Z @ 45 c2
Event: 1.627 Thread 0x000001d2817c4060 DEOPT PACKING pc=0x000001d28e971f74 sp=0x0000003238bfced0
Event: 1.627 Thread 0x000001d2817c4060 DEOPT UNPACKING pc=0x000001d28e406da2 sp=0x0000003238bfce38 mode 2
Event: 1.746 Thread 0x000001d2817c4060 Uncommon trap: trap_request=0xffffff45 fr.pc=0x000001d28e970d9c relative=0x000000000000017c
Event: 1.746 Thread 0x000001d2817c4060 Uncommon trap: reason=unstable_if action=reinterpret pc=0x000001d28e970d9c method=java.lang.StringUTF16.compress([CI[BII)I @ 20 c2
Event: 1.746 Thread 0x000001d2817c4060 DEOPT PACKING pc=0x000001d28e970d9c sp=0x0000003238bfb940
Event: 1.746 Thread 0x000001d2817c4060 DEOPT UNPACKING pc=0x000001d28e406da2 sp=0x0000003238bfb8b0 mode 2

Classes loaded (20 events):
Event: 1.785 Loading class java/security/interfaces/ECKey
Event: 1.785 Loading class java/security/interfaces/ECKey done
Event: 1.785 Loading class java/security/interfaces/XECKey
Event: 1.785 Loading class java/security/interfaces/XECKey done
Event: 1.786 Loading class sun/security/util/KeyUtil
Event: 1.786 Loading class sun/security/util/KeyUtil done
Event: 1.786 Loading class sun/security/util/Length
Event: 1.786 Loading class sun/security/util/Length done
Event: 1.786 Loading class javax/crypto/SecretKey
Event: 1.788 Loading class javax/crypto/SecretKey done
Event: 1.791 Loading class java/util/Base64
Event: 1.791 Loading class java/util/Base64 done
Event: 1.791 Loading class java/util/Base64$Decoder
Event: 1.792 Loading class java/util/Base64$Decoder done
Event: 1.792 Loading class java/util/Base64$Encoder
Event: 1.792 Loading class java/util/Base64$Encoder done
Event: 1.792 Loading class java/util/jar/JarVerifier$VerifierStream
Event: 1.793 Loading class java/util/jar/JarVerifier$VerifierStream done
Event: 1.793 Loading class sun/security/util/ManifestEntryVerifier$SunProviderHolder
Event: 1.793 Loading class sun/security/util/ManifestEntryVerifier$SunProviderHolder done

Classes unloaded (0 events):
No events

Classes redefined (0 events):
No events

Internal exceptions (12 events):
Event: 0.642 Thread 0x000001d2817c4060 Exception <a 'java/lang/NoSuchMethodError'{0x00000000d57aa1b0}: 'void java.lang.invoke.DirectMethodHandle$Holder.invokeStatic(java.lang.Object, java.lang.Object, java.lang.Object)'> (0x00000000d57aa1b0) 
thrown [s\src\hotspot\share\interpreter\linkResolver.cpp, line 773]
Event: 1.030 Thread 0x000001d2817c4060 Exception <a 'java/lang/NoSuchMethodError'{0x00000000d59120e8}: 'java.lang.Object java.lang.invoke.Invokers$Holder.invokeExact_MT(java.lang.Object, java.lang.Object, java.lang.Object, java.lang.Object, java.lang.Object)'> (0x00000000d59120e8) 
thrown [s\src\hotspot\share\interpreter\linkResolver.cpp, line 773]
Event: 1.111 Thread 0x000001d2817c4060 Exception <a 'java/lang/NoSuchMethodError'{0x00000000d59c9e68}: 'int java.lang.invoke.DirectMethodHandle$Holder.invokeSpecial(java.lang.Object, java.lang.Object, java.lang.Object, int)'> (0x00000000d59c9e68) 
thrown [s\src\hotspot\share\interpreter\linkResolver.cpp, line 773]
Event: 1.115 Thread 0x000001d2817c4060 Exception <a 'java/lang/NoSuchMethodError'{0x00000000d59dc850}: 'java.lang.Object java.lang.invoke.DirectMethodHandle$Holder.invokeStatic(java.lang.Object, java.lang.Object, java.lang.Object, java.lang.Object, int)'> (0x00000000d59dc850) 
thrown [s\src\hotspot\share\interpreter\linkResolver.cpp, line 773]
Event: 1.118 Thread 0x000001d2817c4060 Exception <a 'java/lang/NoSuchMethodError'{0x00000000d59e7cf8}: 'void java.lang.invoke.DelegatingMethodHandle$Holder.reinvoke_L(java.lang.Object, java.lang.Object, java.lang.Object, int, java.lang.Object)'> (0x00000000d59e7cf8) 
thrown [s\src\hotspot\share\interpreter\linkResolver.cpp, line 773]
Event: 1.123 Thread 0x000001d2817c4060 Exception <a 'java/lang/NoSuchMethodError'{0x00000000d59f86d0}: 'int java.lang.invoke.DirectMethodHandle$Holder.invokeSpecial(java.lang.Object, java.lang.Object, java.lang.Object)'> (0x00000000d59f86d0) 
thrown [s\src\hotspot\share\interpreter\linkResolver.cpp, line 773]
Event: 1.131 Thread 0x000001d2817c4060 Exception <a 'java/lang/NoSuchMethodError'{0x00000000d5a04390}: 'java.lang.Object java.lang.invoke.DirectMethodHandle$Holder.invokeStatic(java.lang.Object, java.lang.Object, int)'> (0x00000000d5a04390) 
thrown [s\src\hotspot\share\interpreter\linkResolver.cpp, line 773]
Event: 1.132 Thread 0x000001d2817c4060 Exception <a 'java/lang/NoSuchMethodError'{0x00000000d5a08ce0}: 'void java.lang.invoke.DirectMethodHandle$Holder.invokeStatic(java.lang.Object, java.lang.Object, int, java.lang.Object)'> (0x00000000d5a08ce0) 
thrown [s\src\hotspot\share\interpreter\linkResolver.cpp, line 773]
Event: 1.133 Thread 0x000001d2817c4060 Exception <a 'java/lang/NoSuchMethodError'{0x00000000d5a0c870}: 'void java.lang.invoke.DirectMethodHandle$Holder.invokeSpecial(java.lang.Object, java.lang.Object, java.lang.Object, int, java.lang.Object)'> (0x00000000d5a0c870) 
thrown [s\src\hotspot\share\interpreter\linkResolver.cpp, line 773]
Event: 1.133 Thread 0x000001d2817c4060 Exception <a 'java/lang/NoSuchMethodError'{0x00000000d5a0fce0}: 'void java.lang.invoke.DelegatingMethodHandle$Holder.delegate(java.lang.Object, java.lang.Object, int, java.lang.Object)'> (0x00000000d5a0fce0) 
thrown [s\src\hotspot\share\interpreter\linkResolver.cpp, line 773]
Event: 1.290 Thread 0x000001d2817c4060 Exception <a 'java/lang/NoSuchMethodError'{0x00000000d5bcf0e8}: 'void java.lang.invoke.DelegatingMethodHandle$Holder.reinvoke_L(java.lang.Object, java.lang.Object, java.lang.Object, int)'> (0x00000000d5bcf0e8) 
thrown [s\src\hotspot\share\interpreter\linkResolver.cpp, line 773]
Event: 1.588 Thread 0x000001d2817c4060 Exception <a 'java/lang/NoSuchMethodError'{0x00000000d605af60}: 'void java.lang.invoke.DirectMethodHandle$Holder.invokeVirtual(java.lang.Object, java.lang.Object)'> (0x00000000d605af60) 
thrown [s\src\hotspot\share\interpreter\linkResolver.cpp, line 773]

ZGC Phase Switch (0 events):
No events

VM Operations (8 events):
Event: 0.647 Executing VM operation: HandshakeAllThreads (Deoptimize)
Event: 0.647 Executing VM operation: HandshakeAllThreads (Deoptimize) done
Event: 1.064 Executing VM operation: HandshakeAllThreads (Deoptimize)
Event: 1.064 Executing VM operation: HandshakeAllThreads (Deoptimize) done
Event: 1.789 Executing VM operation: HandshakeAllThreads (Deoptimize)
Event: 1.789 Executing VM operation: HandshakeAllThreads (Deoptimize) done
Event: 1.789 Executing VM operation: Cleanup
Event: 1.789 Executing VM operation: Cleanup done

Memory protections (0 events):
No events

Nmethod flushes (0 events):
No events

Events (11 events):
Event: 0.357 Thread 0x000001d2817c4060 Thread added: 0x000001d2817c4060
Event: 0.549 Thread 0x000001d2817c4060 Thread added: 0x000001d283be9ed0
Event: 0.549 Thread 0x000001d2817c4060 Thread added: 0x000001d283beb820
Event: 0.550 Thread 0x000001d2817c4060 Thread added: 0x000001d283bef190
Event: 0.551 Thread 0x000001d2817c4060 Thread added: 0x000001d283bf0410
Event: 0.551 Thread 0x000001d2817c4060 Thread added: 0x000001d283bf3320
Event: 0.551 Thread 0x000001d2817c4060 Thread added: 0x000001d283bf4e70
Event: 0.552 Thread 0x000001d2817c4060 Thread added: 0x000001d283bf5d90
Event: 0.562 Thread 0x000001d2817c4060 Thread added: 0x000001d2e1018100
Event: 0.627 Thread 0x000001d2817c4060 Thread added: 0x000001d2e10b9ef0
Event: 1.445 Thread 0x000001d2817c4060 Thread added: 0x000001d2e1315f30


Dynamic libraries:
0x00007ff68b770000 - 0x00007ff68b77e000 	c:\Users\cfulton\.vscode\extensions\redhat.java-1.46.0-win32-x64\jre\21.0.8-win32-x86_64\bin\java.exe
0x00007ff879950000 - 0x00007ff879b48000 	C:\WINDOWS\SYSTEM32\ntdll.dll
0x00007ff877a60000 - 0x00007ff877b1f000 	C:\WINDOWS\System32\KERNEL32.DLL
0x00007ff8776d0000 - 0x00007ff8779aa000 	C:\WINDOWS\System32\KERNELBASE.dll
0x00007ff8773d0000 - 0x00007ff8774d0000 	C:\WINDOWS\System32\ucrtbase.dll
0x00007ff86db50000 - 0x00007ff86db68000 	c:\Users\cfulton\.vscode\extensions\redhat.java-1.46.0-win32-x64\jre\21.0.8-win32-x86_64\bin\jli.dll
0x00007ff878590000 - 0x00007ff87872d000 	C:\WINDOWS\System32\USER32.dll
0x00007ff85b730000 - 0x00007ff85b9ca000 	C:\WINDOWS\WinSxS\amd64_microsoft.windows.common-controls_6595b64144ccf1df_6.0.19041.1110_none_60b5254171f9507e\COMCTL32.dll
0x00007ff877370000 - 0x00007ff877392000 	C:\WINDOWS\System32\win32u.dll
0x00007ff861bf0000 - 0x00007ff861c0e000 	c:\Users\cfulton\.vscode\extensions\redhat.java-1.46.0-win32-x64\jre\21.0.8-win32-x86_64\bin\VCRUNTIME140.dll
0x00007ff8787f0000 - 0x00007ff87888e000 	C:\WINDOWS\System32\msvcrt.dll
0x00007ff877a30000 - 0x00007ff877a5b000 	C:\WINDOWS\System32\GDI32.dll
0x00007ff877120000 - 0x00007ff877230000 	C:\WINDOWS\System32\gdi32full.dll
0x00007ff877630000 - 0x00007ff8776cd000 	C:\WINDOWS\System32\msvcp_win.dll
0x00007ff8783c0000 - 0x00007ff8783f0000 	C:\WINDOWS\System32\IMM32.DLL
0x000001d2819f0000 - 0x000001d281a06000 	C:\WINDOWS\System32\umppc19907.dll
0x00007ff870a40000 - 0x00007ff870a4c000 	c:\Users\cfulton\.vscode\extensions\redhat.java-1.46.0-win32-x64\jre\21.0.8-win32-x86_64\bin\vcruntime140_1.dll
0x00007ff8521f0000 - 0x00007ff85227d000 	c:\Users\cfulton\.vscode\extensions\redhat.java-1.46.0-win32-x64\jre\21.0.8-win32-x86_64\bin\msvcp140.dll
0x00007fff8afd0000 - 0x00007fff8bd67000 	c:\Users\cfulton\.vscode\extensions\redhat.java-1.46.0-win32-x64\jre\21.0.8-win32-x86_64\bin\server\jvm.dll
0x00007ff879310000 - 0x00007ff8793be000 	C:\WINDOWS\System32\ADVAPI32.dll
0x00007ff879140000 - 0x00007ff8791dc000 	C:\WINDOWS\System32\sechost.dll
0x00007ff8791e0000 - 0x00007ff879306000 	C:\WINDOWS\System32\RPCRT4.dll
0x00007ff879070000 - 0x00007ff8790db000 	C:\WINDOWS\System32\WS2_32.dll
0x00007ff8765f0000 - 0x00007ff87663b000 	C:\WINDOWS\SYSTEM32\POWRPROF.dll
0x00007ff86b510000 - 0x00007ff86b537000 	C:\WINDOWS\SYSTEM32\WINMM.dll
0x00007ff860410000 - 0x00007ff86041a000 	C:\WINDOWS\SYSTEM32\VERSION.dll
0x00007ff876460000 - 0x00007ff876472000 	C:\WINDOWS\SYSTEM32\UMPDC.dll
0x00007ff875910000 - 0x00007ff875922000 	C:\WINDOWS\SYSTEM32\kernel.appcore.dll
0x00007ff8713a0000 - 0x00007ff8713aa000 	c:\Users\cfulton\.vscode\extensions\redhat.java-1.46.0-win32-x64\jre\21.0.8-win32-x86_64\bin\jimage.dll
0x00007ff875340000 - 0x00007ff875524000 	C:\WINDOWS\SYSTEM32\DBGHELP.DLL
0x00007ff85d620000 - 0x00007ff85d654000 	C:\WINDOWS\SYSTEM32\dbgcore.DLL
0x00007ff8772e0000 - 0x00007ff877362000 	C:\WINDOWS\System32\bcryptPrimitives.dll
0x00007ff8708c0000 - 0x00007ff8708cf000 	c:\Users\cfulton\.vscode\extensions\redhat.java-1.46.0-win32-x64\jre\21.0.8-win32-x86_64\bin\instrument.dll
0x00007ff852aa0000 - 0x00007ff852abf000 	c:\Users\cfulton\.vscode\extensions\redhat.java-1.46.0-win32-x64\jre\21.0.8-win32-x86_64\bin\java.dll
0x00007ff877b20000 - 0x00007ff878264000 	C:\WINDOWS\System32\SHELL32.dll
0x00007ff874ad0000 - 0x00007ff875263000 	C:\WINDOWS\SYSTEM32\windows.storage.dll
0x00007ff8794f0000 - 0x00007ff879844000 	C:\WINDOWS\System32\combase.dll
0x00007ff8769e0000 - 0x00007ff876a0e000 	C:\WINDOWS\SYSTEM32\Wldp.dll
0x00007ff878450000 - 0x00007ff8784fd000 	C:\WINDOWS\System32\SHCORE.dll
0x00007ff8783f0000 - 0x00007ff878445000 	C:\WINDOWS\System32\shlwapi.dll
0x00007ff876fa0000 - 0x00007ff876fbf000 	C:\WINDOWS\SYSTEM32\profapi.dll
0x00007ff852760000 - 0x00007ff852778000 	c:\Users\cfulton\.vscode\extensions\redhat.java-1.46.0-win32-x64\jre\21.0.8-win32-x86_64\bin\zip.dll
0x00007ff86d6b0000 - 0x00007ff86d6c0000 	C:\Users\cfulton\.vscode\extensions\redhat.java-1.46.0-win32-x64\jre\21.0.8-win32-x86_64\bin\net.dll
0x00007ff86a200000 - 0x00007ff86a30a000 	C:\WINDOWS\SYSTEM32\WINHTTP.dll
0x00007ff8767c0000 - 0x00007ff87682a000 	C:\WINDOWS\system32\mswsock.dll
0x00007ff852740000 - 0x00007ff852756000 	C:\Users\cfulton\.vscode\extensions\redhat.java-1.46.0-win32-x64\jre\21.0.8-win32-x86_64\bin\nio.dll
0x00007ff86ce30000 - 0x00007ff86ce40000 	c:\Users\cfulton\.vscode\extensions\redhat.java-1.46.0-win32-x64\jre\21.0.8-win32-x86_64\bin\verify.dll

JVMTI agents:
c:\Users\cfulton\.vscode\extensions\redhat.java-1.46.0-win32-x64\lombok\lombok-1.18.39-4050.jar path:c:\Users\cfulton\.vscode\extensions\redhat.java-1.46.0-win32-x64\jre\21.0.8-win32-x86_64\bin\instrument.dll, loaded, initialized, instrumentlib options:none

dbghelp: loaded successfully - version: 4.0.5 - missing functions: none
symbol engine: initialized successfully - sym options: 0x614 - pdb path: .;c:\Users\cfulton\.vscode\extensions\redhat.java-1.46.0-win32-x64\jre\21.0.8-win32-x86_64\bin;C:\WINDOWS\SYSTEM32;C:\WINDOWS\WinSxS\amd64_microsoft.windows.common-controls_6595b64144ccf1df_6.0.19041.1110_none_60b5254171f9507e;c:\Users\cfulton\.vscode\extensions\redhat.java-1.46.0-win32-x64\jre\21.0.8-win32-x86_64\bin\server

VM Arguments:
jvm_args: --add-modules=ALL-SYSTEM --add-opens=java.base/java.util=ALL-UNNAMED --add-opens=java.base/java.lang=ALL-UNNAMED --add-opens=java.base/sun.nio.fs=ALL-UNNAMED -Declipse.application=org.eclipse.jdt.ls.core.id1 -Dosgi.bundles.defaultStartLevel=4 -Declipse.product=org.eclipse.jdt.ls.core.product -Djava.import.generatesMetadataFilesAtProjectRoot=false -DDetectVMInstallationsJob.disabled=true -Dfile.encoding=utf8 -XX:+UseParallelGC -XX:GCTimeRatio=4 -XX:AdaptiveSizePolicyWeight=90 -Dsun.zip.disableMemoryMapping=true -Xmx2G -Xms100m -Xlog:disable -javaagent:c:\Users\cfulton\.vscode\extensions\redhat.java-1.46.0-win32-x64\lombok\lombok-1.18.39-4050.jar 
java_command: c:\Users\cfulton\.vscode\extensions\redhat.java-1.46.0-win32-x64\server\plugins\org.eclipse.equinox.launcher_1.7.0.v20250519-0528.jar -configuration c:\Users\cfulton\AppData\Roaming\Code\User\globalStorage\redhat.java\1.46.0\config_ss_win -data c:\Users\cfulton\AppData\Roaming\Code\User\workspaceStorage\b9376ea965cba9b7dff7b4374ca253f5\redhat.java\ss_ws --pipe=\\.\pipe\lsp-3bb1127d08b61270a1ce5e1c1ebdeca5-sock
java_class_path (initial): c:\Users\cfulton\.vscode\extensions\redhat.java-1.46.0-win32-x64\server\plugins\org.eclipse.equinox.launcher_1.7.0.v20250519-0528.jar
Launcher Type: SUN_STANDARD

[Global flags]
    uintx AdaptiveSizePolicyWeight                 = 90                                        {product} {command line}
     intx CICompilerCount                          = 4                                         {product} {ergonomic}
    uintx GCTimeRatio                              = 4                                         {product} {command line}
   size_t InitialHeapSize                          = 104857600                                 {product} {command line}
   size_t MaxHeapSize                              = 2147483648                                {product} {command line}
   size_t MaxNewSize                               = 715653120                                 {product} {ergonomic}
   size_t MinHeapDeltaBytes                        = 524288                                    {product} {ergonomic}
   size_t MinHeapSize                              = 104857600                                 {product} {command line}
   size_t NewSize                                  = 34603008                                  {product} {ergonomic}
    uintx NonNMethodCodeHeapSize                   = 5839372                                {pd product} {ergonomic}
    uintx NonProfiledCodeHeapSize                  = 122909434                              {pd product} {ergonomic}
   size_t OldSize                                  = 70254592                                  {product} {ergonomic}
    uintx ProfiledCodeHeapSize                     = 122909434                              {pd product} {ergonomic}
    uintx ReservedCodeCacheSize                    = 251658240                              {pd product} {ergonomic}
     bool SegmentedCodeCache                       = true                                      {product} {ergonomic}
   size_t SoftMaxHeapSize                          = 2147483648                             {manageable} {ergonomic}
     bool UseCompressedOops                        = true                           {product lp64_product} {ergonomic}
     bool UseLargePagesIndividualAllocation        = false                                  {pd product} {ergonomic}
     bool UseParallelGC                            = true                                      {product} {command line}

Logging:
Log output configuration:
 #0: stdout all=off uptime,level,tags foldmultilines=false
 #1: stderr all=off uptime,level,tags foldmultilines=false

Environment Variables:
JAVA_HOME=C:\Program Files\Microsoft\jdk-11.0.16.101-hotspot\bin
PATH=C:\Program Files\Microsoft\jdk-11.0.16.101-hotspot\bin;C:\Program Files\dotnet\;C:\Python311\Scripts\;C:\Python311\;C:\Program Files\Common Files\Oracle\Java\javapath;C:\WINDOWS\system32;C:\WINDOWS;C:\WINDOWS\System32\Wbem;C:\WINDOWS\System32\WindowsPowerShell\v1.0\;C:\WINDOWS\System32\OpenSSH\;C:\Program Files\Microsoft SQL Server\150\Tools\Binn\;C:\Program Files\nodejs\;C:\ProgramData\chocolatey\bin;C:\Program Files\Azure Data Studio\bin;C:\Program Files\GitHub CLI\;C:\Program Files\Docker\Docker\resources\bin;C:\Program Files\Git\cmd;C:\Program Files\dotnet\;C:\Users\cfulton\.dotnet\tools;C:\Users\cfulton\AppData\Local\Programs\Eclipse Adoptium\jdk-17.0.4.8-hotspot\bin;C:\Users\cfulton\AppData\Local\Microsoft\WindowsApps;C:\Users\cfulton\AppData\Roaming\npm;C:\Program Files\Azure Data Studio\bin;C:\Users\cfulton\AppData\Local\Google\Cloud SDK\google-cloud-sdk\bin;C:\Users\cfulton\AppData\Local\Programs\Microsoft VS Code\bin;C:\Users\cfulton\AppData\Roaming\Python\Python311\Scripts;
USERNAME=cfulton
OS=Windows_NT
PROCESSOR_IDENTIFIER=Intel64 Family 6 Model 140 Stepping 1, GenuineIntel
TMP=C:\Users\cfulton\AppData\Local\Temp
TEMP=C:\Users\cfulton\AppData\Local\Temp




Periodic native trim disabled

---------------  S Y S T E M  ---------------

OS:
 Windows 10 , 64 bit Build 19041 (10.0.19041.2788)
OS uptime: 5 days 21:16 hours
Hyper-V role detected

CPU: total 8 (initial active 8) (4 cores per cpu, 2 threads per core) family 6 model 140 stepping 1 microcode 0x9a, cx8, cmov, fxsr, ht, mmx, 3dnowpref, sse, sse2, sse3, ssse3, sse4.1, sse4.2, popcnt, lzcnt, tsc, tscinvbit, avx, avx2, aes, erms, clmul, bmi1, bmi2, adx, avx512f, avx512dq, avx512cd, avx512bw, avx512vl, sha, fma, vzeroupper, avx512_vpopcntdq, avx512_vpclmulqdq, avx512_vaes, avx512_vnni, clflush, clflushopt, clwb, avx512_vbmi2, avx512_vbmi, hv, rdtscp, rdpid, fsrm, gfni, avx512_bitalg, f16c, cet_ibt, cet_ss, avx512_ifma
Processor Information for the first 8 processors :
  Max Mhz: 2611, Current Mhz: 1104, Mhz Limit: 1096

Memory: 4k page, system-wide physical 7895M (273M free)
TotalPageFile size 32471M (AvailPageFile size 0M)
current process WorkingSet (physical memory assigned to process): 58M, peak: 58M
current process commit charge ("private bytes"): 230M, peak: 230M

vm_info: OpenJDK 64-Bit Server VM (21.0.8+9-LTS) for windows-amd64 JRE (21.0.8+9-LTS), built on 2025-07-15T00:00:00Z by "admin" with MS VC++ 17.7 (VS2022)

END.
